<?xml version="1.0" encoding="UTF-8"?>
<!-- Generated by org.testng.reporters.JUnitXMLReporter -->
<testsuite hostname="DESKTOP-2FSNI8M" ignored="0" name="AddAndDeleteEmp" tests="3" failures="0" timestamp="19 Apr 2022 12:57:28 GMT" time="45.43" errors="0">
  <testcase name="AddNewEmp" time="8.045" classname="com.TestLayer.PimAddEmp"/>
  <testcase name="PIMPersonalinfo" time="4.96" classname="com.TestLayer.PersonalDetails"/>
  <testcase name="Delete" time="5.073" classname="com.TestLayer.DeleteEmp"/>
</testsuite> <!-- AddAndDeleteEmp -->
